<?xml version="1.0" encoding="UTF-8"?>
<!-- Generated by org.testng.reporters.JUnitReportReporter -->
<testsuite hostname="ASN69" failures="0" tests="1" name="sample.Appium_w_InstallationFile" time="6.975" errors="0" timestamp="2023-01-03T22:46:57 EST" skipped="0">
  <testcase classname="sample.Appium_w_InstallationFile" name="test" time="6.975"/>
  <system-out/>
</testsuite> <!-- sample.Appium_w_InstallationFile -->
