<?xml version="1.0" encoding="UTF-8"?>
<!-- Generated by org.testng.reporters.JUnitReportReporter -->
<testsuite hostname="ASN69" failures="0" tests="3" name="sample.AppiumInstalledAppTest" time="8.688" errors="0" timestamp="2022-12-30T18:06:40 EST" skipped="2">
  <testcase classname="sample.AppiumInstalledAppTest" name="dynamicSumTotal" time="8.688"/>
  <system-out/>
  <testcase classname="sample.AppiumInstalledAppTest" name="calculatorTest">
    <skipped/>
  </testcase> <!-- calculatorTest -->
  <system-out/>
  <testcase classname="sample.AppiumInstalledAppTest" name="installed_calculatorTest">
    <skipped/>
  </testcase> <!-- installed_calculatorTest -->
  <system-out/>
</testsuite> <!-- sample.AppiumInstalledAppTest -->
