<?xml version="1.0" encoding="UTF-8"?>
<!-- Generated by org.testng.reporters.JUnitReportReporter -->
<testsuite hostname="ASN69" failures="0" tests="1" name="ecommerce.Installation_File_Test" time="10.621" errors="0" timestamp="2023-01-03T22:44:47 EST" skipped="0">
  <testcase classname="ecommerce.Installation_File_Test" name="test" time="10.621"/>
  <system-out/>
</testsuite> <!-- ecommerce.Installation_File_Test -->
