<?xml version="1.0" encoding="UTF-8"?>
<!-- Generated by org.testng.reporters.JUnitReportReporter -->
<testsuite hostname="ASN69" failures="0" tests="3" name="sample.AppiumAppTest" time="8.712" errors="0" timestamp="2022-12-29T18:21:31 EST" skipped="2">
  <testcase classname="sample.AppiumAppTest" name="dynamicSumTotal" time="8.712"/>
  <system-out/>
  <testcase classname="sample.AppiumAppTest" name="installed_calculatorTest">
    <skipped/>
  </testcase> <!-- installed_calculatorTest -->
  <system-out/>
  <testcase classname="sample.AppiumAppTest" name="calculatorTest">
    <skipped/>
  </testcase> <!-- calculatorTest -->
  <system-out/>
</testsuite> <!-- sample.AppiumAppTest -->
