<?xml version="1.0" encoding="UTF-8"?>
<!-- Generated by org.testng.reporters.JUnitReportReporter -->
<testsuite hostname="ASN69" failures="0" tests="1" name="sample.Appium_w_WebView" time="7.526" errors="0" timestamp="2023-01-02T13:05:54 EST" skipped="0">
  <testcase classname="sample.Appium_w_WebView" name="test" time="7.526"/>
  <system-out/>
</testsuite> <!-- sample.Appium_w_WebView -->
